<?xml version="1.0" encoding="UTF-8"?>
<!-- Generated by org.testng.reporters.JUnitReportReporter -->
<testsuite hostname="LAPTOP-54F2F2NL" name="testngsessions.PriorityTest" tests="5" failures="0" timestamp="26 Jul 2022 13:39:58 GMT" time="0.032" errors="0">
  <testcase name="d_test" time="0.000" classname="testngsessions.PriorityTest"/>
  <testcase name="c_test" time="0.001" classname="testngsessions.PriorityTest"/>
  <testcase name="b_test" time="0.001" classname="testngsessions.PriorityTest"/>
  <testcase name="a_test" time="0.001" classname="testngsessions.PriorityTest"/>
  <testcase name="e_test" time="0.029" classname="testngsessions.PriorityTest"/>
</testsuite> <!-- testngsessions.PriorityTest -->
