<?xml version="1.0" encoding="UTF-8"?>
<!-- Generated by org.testng.reporters.JUnitReportReporter -->
<testsuite hostname="LAPTOP-54F2F2NL" failures="0" tests="2" name="mytests.GoogleTest" time="0.029" errors="0" timestamp="2022-07-31T09:51:26 IST" skipped="1">
  <testcase classname="mytests.GoogleTest" name="titleTest" time="0.029"/>
  <system-out/>
  <testcase classname="mytests.GoogleTest" name="searchFieldTest">
    <skipped/>
  </testcase> <!-- searchFieldTest -->
  <system-out/>
</testsuite> <!-- mytests.GoogleTest -->
