<?xml version="1.0" encoding="UTF-8"?>
<!-- Generated by org.testng.reporters.JUnitReportReporter -->
<testsuite hostname="LAPTOP-54F2F2NL" failures="0" tests="3" name="mytests.OpenCartTest" time="11.047" errors="0" timestamp="2022-07-31T09:51:26 IST" skipped="0">
  <testcase classname="mytests.OpenCartTest" name="logoTest" time="0.107"/>
  <system-out/>
  <testcase classname="mytests.OpenCartTest" name="loginNegativeTest" time="10.892"/>
  <system-out/>
  <testcase classname="mytests.OpenCartTest" name="forgotPwdLinkExistTest" time="0.048"/>
  <system-out/>
</testsuite> <!-- mytests.OpenCartTest -->
