<?xml version="1.0" encoding="UTF-8"?>
<!-- Generated by org.testng.reporters.JUnitReportReporter -->
<testsuite hostname="LAPTOP-54F2F2NL" name="testngsessions.TestngBasics" tests="3" failures="0" timestamp="26 Jul 2022 10:02:15 GMT" time="0.011" errors="0">
  <testcase name="homePageTest" time="0.002" classname="testngsessions.TestngBasics"/>
  <testcase name="searchTest" time="0.000" classname="testngsessions.TestngBasics"/>
  <testcase name="addToCartTest" time="0.009" classname="testngsessions.TestngBasics"/>
</testsuite> <!-- testngsessions.TestngBasics -->
