<?xml version="1.0" encoding="UTF-8"?>
<!-- Generated by org.testng.reporters.JUnitReportReporter -->
<testsuite hostname="LAPTOP-54F2F2NL" failures="0" tests="2" name="testngpractise.OpenCartHomePage" time="1.643" errors="0" timestamp="2022-07-30T13:22:21 IST" skipped="0">
  <testcase classname="testngpractise.OpenCartHomePage" name="searchFeature" time="1.227"/>
  <system-out/>
  <testcase classname="testngpractise.OpenCartHomePage" name="homePage" time="0.416"/>
  <system-out/>
</testsuite> <!-- testngpractise.OpenCartHomePage -->
