<?xml version="1.0" encoding="UTF-8"?>
<!-- Generated by org.testng.reporters.JUnitReportReporter -->
<testsuite hostname="LAPTOP-54F2F2NL" failures="0" tests="3" name="testngsessions.DependsOnMethodsConcept" time="0.014" errors="0" timestamp="2022-07-30T11:17:28 IST" skipped="0">
  <testcase classname="testngsessions.DependsOnMethodsConcept" name="loginTest" time="0.012"/>
  <system-out/>
  <testcase classname="testngsessions.DependsOnMethodsConcept" name="searchTest" time="0.001"/>
  <system-out/>
  <testcase classname="testngsessions.DependsOnMethodsConcept" name="homeTest" time="0.001"/>
  <system-out/>
</testsuite> <!-- testngsessions.DependsOnMethodsConcept -->
