<?xml version="1.0" encoding="UTF-8"?>
<!-- Generated by org.testng.reporters.JUnitReportReporter -->
<testsuite hostname="LAPTOP-54F2F2NL" failures="0" tests="2" name="mytests.OrangeHRMTest" time="0.096" errors="0" timestamp="2022-07-31T09:51:26 IST" skipped="0">
  <testcase classname="mytests.OrangeHRMTest" name="titleTest" time="0.031"/>
  <system-out/>
  <testcase classname="mytests.OrangeHRMTest" name="contactSalesLinkTest" time="0.065"/>
  <system-out/>
</testsuite> <!-- mytests.OrangeHRMTest -->
