<?xml version="1.0" encoding="UTF-8"?>
<!-- Generated by org.testng.reporters.JUnitReportReporter -->
<testsuite hostname="LAPTOP-54F2F2NL" failures="0" tests="1" name="testngsessions.ExpectedExceptionConcept" time="0.011" errors="0" timestamp="2022-07-30T10:58:50 IST" skipped="0">
  <testcase classname="testngsessions.ExpectedExceptionConcept" name="searchTest" time="0.011"/>
  <system-out/>
</testsuite> <!-- testngsessions.ExpectedExceptionConcept -->
