<?xml version="1.0" encoding="UTF-8"?>
<!-- Generated by org.testng.reporters.JUnitReportReporter -->
<testsuite hostname="LAPTOP-54F2F2NL" failures="0" tests="2" name="testngpractise.TabletsTest" time="1.337" errors="0" timestamp="2022-07-30T14:17:04 IST" skipped="0">
  <testcase classname="testngpractise.TabletsTest" name="TabTest" time="0.514"/>
  <system-out/>
  <testcase classname="testngpractise.TabletsTest" name="tabletsTest" time="0.823"/>
  <system-out/>
</testsuite> <!-- testngpractise.TabletsTest -->
