<?xml version="1.0" encoding="UTF-8"?>
<!-- Generated by org.testng.reporters.JUnitReportReporter -->
<testsuite hostname="LAPTOP-54F2F2NL" failures="0" tests="2" name="testngpractise.OpenCartHomePageTest" time="1.296" errors="0" timestamp="2022-07-30T13:58:49 IST" skipped="0">
  <testcase classname="testngpractise.OpenCartHomePageTest" name="searchFeatureTest" time="1.001"/>
  <system-out/>
  <testcase classname="testngpractise.OpenCartHomePageTest" name="homePageTest" time="0.295"/>
  <system-out/>
</testsuite> <!-- testngpractise.OpenCartHomePageTest -->
