<?xml version="1.0" encoding="UTF-8"?>
<!-- Generated by org.testng.reporters.JUnitReportReporter -->
<testsuite hostname="LAPTOP-54F2F2NL" failures="0" tests="3" name="testngsessions.LoginPageBMTest" time="31.108" errors="0" timestamp="2022-07-31T09:44:44 IST" skipped="0">
  <testcase classname="testngsessions.LoginPageBMTest" name="forgotPWDLinkExistTest" time="13.155"/>
  <system-out/>
  <testcase classname="testngsessions.LoginPageBMTest" name="logoTest" time="8.797"/>
  <system-out/>
  <testcase classname="testngsessions.LoginPageBMTest" name="loginTest" time="9.156"/>
  <system-out/>
</testsuite> <!-- testngsessions.LoginPageBMTest -->
